#-----------------------------------------------------------
# Vivado v2020.2 (64-bit)
# SW Build 3064766 on Wed Nov 18 09:12:45 MST 2020
# IP Build 3064653 on Wed Nov 18 14:17:31 MST 2020
# Start of session at: Tue May  4 19:57:41 2021
# Process ID: 3372
# Current directory: C:/Users/E5570/Desktop/DE1/Digital-electronics-1/Project/PROJECT
# Command line: vivado.exe -gui_launcher_event rodinguilauncherevent25160 C:\Users\E5570\Desktop\DE1\Digital-electronics-1\Project\PROJECT\PROJECT.xpr
# Log file: C:/Users/E5570/Desktop/DE1/Digital-electronics-1/Project/PROJECT/vivado.log
# Journal file: C:/Users/E5570/Desktop/DE1/Digital-electronics-1/Project/PROJECT\vivado.jou
#-----------------------------------------------------------
start_gui
open_project C:/Users/E5570/Desktop/DE1/Digital-electronics-1/Project/PROJECT/PROJECT.xpr
WARNING: [filemgmt 56-3] Default IP Output Path : Could not find the directory 'C:/Users/E5570/Desktop/DE1/Digital-electronics-1/Project/PROJECT/PROJECT.gen/sources_1'.
CRITICAL WARNING: [Project 1-19] Could not find the file 'C:/Users/E5570/Desktop/DE1/Digital-electronics-1/Project/Users/pavloshelemba/counter/counter.srcs/sources_1/new/cnt_up_down.vhd'.
CRITICAL WARNING: [Project 1-19] Could not find the file 'C:/Users/E5570/Desktop/DE1/Digital-electronics-1/Project/Users/pavloshelemba/counter/counter.srcs/sim_1/new/tb_cnt_up_down.vhd'.
Scanning sources...
Finished scanning sources
INFO: [IP_Flow 19-234] Refreshing IP repositories
INFO: [IP_Flow 19-1704] No user IP repositories specified
INFO: [IP_Flow 19-2313] Loaded Vivado IP repository 'C:/Xilinx/Vivado/2020.2/data/ip'.
open_project: Time (s): cpu = 00:00:21 ; elapsed = 00:00:07 . Memory (MB): peak = 1006.473 ; gain = 0.000
update_compile_order -fileset sources_1
exit
INFO: [Common 17-206] Exiting Vivado at Tue May  4 20:07:14 2021...
