#-----------------------------------------------------------
# Vivado v2020.2 (64-bit)
# SW Build 3064766 on Wed Nov 18 09:12:45 MST 2020
# IP Build 3064653 on Wed Nov 18 14:17:31 MST 2020
# Start of session at: Tue Mar  9 22:10:42 2021
# Process ID: 6048
# Current directory: C:/Users/E5570/Desktop/DE1/Digital-electronics-1/Labs/04-segment/segment
# Command line: vivado.exe -gui_launcher_event rodinguilauncherevent17872 C:\Users\E5570\Desktop\DE1\Digital-electronics-1\Labs\04-segment\segment\segment.xpr
# Log file: C:/Users/E5570/Desktop/DE1/Digital-electronics-1/Labs/04-segment/segment/vivado.log
# Journal file: C:/Users/E5570/Desktop/DE1/Digital-electronics-1/Labs/04-segment/segment\vivado.jou
#-----------------------------------------------------------
start_gui
open_project C:/Users/E5570/Desktop/DE1/Digital-electronics-1/Labs/04-segment/segment/segment.xpr
WARNING: [filemgmt 56-3] Default IP Output Path : Could not find the directory 'C:/Users/E5570/Desktop/DE1/Digital-electronics-1/Labs/04-segment/segment/segment.gen/sources_1'.
Scanning sources...
Finished scanning sources
INFO: [IP_Flow 19-234] Refreshing IP repositories
INFO: [IP_Flow 19-1704] No user IP repositories specified
INFO: [IP_Flow 19-2313] Loaded Vivado IP repository 'C:/Xilinx/Vivado/2020.2/data/ip'.
open_project: Time (s): cpu = 00:00:24 ; elapsed = 00:00:11 . Memory (MB): peak = 1001.711 ; gain = 0.000
update_compile_order -fileset sources_1
exit
INFO: [Common 17-206] Exiting Vivado at Tue Mar  9 22:11:49 2021...
